{
  "stats": {
    "suites": 3,
    "tests": 9,
    "passes": 7,
    "pending": 2,
    "failures": 0,
    "start": "2021-01-19T01:18:22.023Z",
    "end": "2021-01-19T01:18:23.206Z",
    "duration": 1183,
    "testsRegistered": 9,
    "passPercent": 100,
    "pendingPercent": 22.22222222222222,
    "other": 0,
    "hasOther": false,
    "skipped": 0,
    "hasSkipped": false
  },
  "results": [
    {
      "uuid": "6ed2500b-21dc-4ce4-b73b-a19a3b927a9d",
      "title": "",
      "fullFile": "",
      "file": "",
      "beforeHooks": [],
      "afterHooks": [],
      "tests": [],
      "suites": [
        {
          "uuid": "5ceda85b-ccc9-4db6-8a75-ee90cad24ad9",
          "title": "Playlists",
          "fullFile": "/Users/subratosarkar/Sarkars/workspace/javascript/supertest/supertest-boilerplate/test/playlists.js",
          "file": "/test/playlists.js",
          "beforeHooks": [],
          "afterHooks": [],
          "tests": [
            {
              "title": "GET /Get a List of Current Users Playlists",
              "fullTitle": "Playlists GET /Get a List of Current Users Playlists",
              "timedOut": false,
              "duration": 174,
              "state": "passed",
              "speed": "slow",
              "pass": true,
              "fail": false,
              "pending": false,
              "context": null,
              "code": "var endpoint = urls.endpoint.playlists.list_of_curr_users_playlist;\nreturn apiUtils.get(_common[\"default\"], endpoint).then(function (response) {\n  var statusCode = response.status;\n  if (statusCode === 200) {\n    var total = response.body.total;\n    console.log('total is: ' + total);\n    return (0, _chai.expect)(total).to.be.greaterThan(10);\n  } else {\n    throw new Error('Unexpected status code: ' + statusCode);\n  }\n})[\"catch\"](function (err) {\n  return Promise.reject(err);\n});",
              "err": {},
              "uuid": "53d9acf0-1eaa-43ae-8492-3e8ebb1d4190",
              "parentUUID": "5ceda85b-ccc9-4db6-8a75-ee90cad24ad9",
              "isHook": false,
              "skipped": false
            },
            {
              "title": "GET /Get a List of a Users Playlists",
              "fullTitle": "Playlists GET /Get a List of a Users Playlists",
              "timedOut": false,
              "duration": 159,
              "state": "passed",
              "speed": "slow",
              "pass": true,
              "fail": false,
              "pending": false,
              "context": null,
              "code": "var user_id = data.user_id;\nvar endpoint = urls.endpoint.playlists.list_of_a_users_playlist + user_id + '/playlists';\nreturn apiUtils.get(_common[\"default\"], endpoint).then(function (response) {\n  var statusCode = response.status;\n  if (statusCode === 200) {\n    var total = response.body.total;\n    console.log('total is: ' + total);\n    return (0, _chai.expect)(total).to.be.greaterThan(10);\n  } else {\n    throw new Error('Unexpected status code: ' + statusCode);\n  }\n})[\"catch\"](function (err) {\n  return Promise.reject(err);\n});",
              "err": {},
              "uuid": "a587ad35-e67c-41bf-9a7e-ae4c6bd0b51b",
              "parentUUID": "5ceda85b-ccc9-4db6-8a75-ee90cad24ad9",
              "isHook": false,
              "skipped": false
            },
            {
              "title": "GET /Get a Playlist",
              "fullTitle": "Playlists GET /Get a Playlist",
              "timedOut": false,
              "duration": 153,
              "state": "passed",
              "speed": "slow",
              "pass": true,
              "fail": false,
              "pending": false,
              "context": null,
              "code": "var playlist_id = data.playlist_id;\nvar endpoint = urls.endpoint.playlists.get_a_playlist + playlist_id;\nreturn apiUtils.get(_common[\"default\"], endpoint).then(function (response) {\n  var statusCode = response.status;\n  if (statusCode === 200) {\n    var response_playlist_id = response.body.id;\n    console.log(response_playlist_id);\n    return (0, _chai.expect)(playlist_id).to.be.equal(response_playlist_id);\n  } else {\n    throw new Error('Unexpected status code: ' + statusCode);\n  }\n})[\"catch\"](function (err) {\n  return Promise.reject(err);\n});",
              "err": {},
              "uuid": "33e81467-604c-4128-8156-1ebf2985445a",
              "parentUUID": "5ceda85b-ccc9-4db6-8a75-ee90cad24ad9",
              "isHook": false,
              "skipped": false
            },
            {
              "title": "POST /Create a Playlist",
              "fullTitle": "Playlists POST /Create a Playlist",
              "timedOut": false,
              "duration": 0,
              "state": "pending",
              "speed": null,
              "pass": false,
              "fail": false,
              "pending": true,
              "context": null,
              "code": "",
              "err": {},
              "uuid": "99586ca3-a121-43ce-8acf-6ed1b28233af",
              "parentUUID": "5ceda85b-ccc9-4db6-8a75-ee90cad24ad9",
              "isHook": false,
              "skipped": false
            },
            {
              "title": "POST /Add Items to a Playlist",
              "fullTitle": "Playlists POST /Add Items to a Playlist",
              "timedOut": false,
              "duration": 177,
              "state": "passed",
              "speed": "slow",
              "pass": true,
              "fail": false,
              "pending": false,
              "context": null,
              "code": "var playlist_id = data.playlist_id_to_update;\nvar endpoint = urls.endpoint.playlists.add_items_to_playlist + playlist_id + '/tracks';\nvar request_body = {\n  'uris': commonUtils.get_array_of_uri(data.request_body.post_tracks)\n};\nreturn apiUtils.post(_common[\"default\"], endpoint, request_body).then(function (response) {\n  var statusCode = response.status;\n  console.log(statusCode);\n  if (statusCode === 201) {\n    var response_body = response.body;\n    commonUtils.log(response_body);\n  } else {\n    throw new Error('Unexpected status code: ' + statusCode);\n  }\n})[\"catch\"](function (err) {\n  return Promise.reject(err);\n});",
              "err": {},
              "uuid": "371ae185-27e8-4f30-bf73-c4982de14e18",
              "parentUUID": "5ceda85b-ccc9-4db6-8a75-ee90cad24ad9",
              "isHook": false,
              "skipped": false
            },
            {
              "title": "PUT /Change a Playlist Details",
              "fullTitle": "Playlists PUT /Change a Playlist Details",
              "timedOut": false,
              "duration": 0,
              "state": "pending",
              "speed": null,
              "pass": false,
              "fail": false,
              "pending": true,
              "context": null,
              "code": "",
              "err": {},
              "uuid": "24a42cd4-d76d-4c34-8f77-182cab3b4849",
              "parentUUID": "5ceda85b-ccc9-4db6-8a75-ee90cad24ad9",
              "isHook": false,
              "skipped": false
            },
            {
              "title": "DELETE /Remove Items from a Playlist",
              "fullTitle": "Playlists DELETE /Remove Items from a Playlist",
              "timedOut": false,
              "duration": 230,
              "state": "passed",
              "speed": "slow",
              "pass": true,
              "fail": false,
              "pending": false,
              "context": null,
              "code": "var playlist_id = data.playlist_id_to_update;\nvar endpoint = urls.endpoint.playlists.remove_items_from_playlist + playlist_id + '/tracks';\nvar request_body = {\n  'tracks': commonUtils.get_array_of_object_uri(data.request_body.post_tracks)\n};\nreturn apiUtils[\"delete\"](_common[\"default\"], endpoint, request_body).then(function (response) {\n  var statusCode = response.status;\n  console.log(statusCode);\n  if (statusCode === 200) {\n    commonUtils.log(response.body);\n  } else {\n    throw new Error('Unexpected status code: ' + statusCode);\n    ;\n  }\n})[\"catch\"](function (err) {\n  Promise.reject(err);\n});",
              "err": {},
              "uuid": "1ec5fbdf-661e-4f50-b89d-fa9565a172be",
              "parentUUID": "5ceda85b-ccc9-4db6-8a75-ee90cad24ad9",
              "isHook": false,
              "skipped": false
            }
          ],
          "suites": [],
          "passes": [
            "53d9acf0-1eaa-43ae-8492-3e8ebb1d4190",
            "a587ad35-e67c-41bf-9a7e-ae4c6bd0b51b",
            "33e81467-604c-4128-8156-1ebf2985445a",
            "371ae185-27e8-4f30-bf73-c4982de14e18",
            "1ec5fbdf-661e-4f50-b89d-fa9565a172be"
          ],
          "failures": [],
          "pending": [
            "99586ca3-a121-43ce-8acf-6ed1b28233af",
            "24a42cd4-d76d-4c34-8f77-182cab3b4849"
          ],
          "skipped": [],
          "duration": 893,
          "root": false,
          "rootEmpty": false,
          "_timeout": 10000
        },
        {
          "uuid": "dee905da-c9a0-4565-a0f5-1b90956aaf54",
          "title": "Search",
          "fullFile": "/Users/subratosarkar/Sarkars/workspace/javascript/supertest/supertest-boilerplate/test/search.js",
          "file": "/test/search.js",
          "beforeHooks": [],
          "afterHooks": [],
          "tests": [
            {
              "title": "Search for an Item",
              "fullTitle": "Search Search for an Item",
              "timedOut": false,
              "duration": 161,
              "state": "passed",
              "speed": "slow",
              "pass": true,
              "fail": false,
              "pending": false,
              "context": null,
              "code": "var endpoint = urls.endpoint.search.search_for_an_item;\nvar q = data.search.search_for_an_artist.q;\nvar type = data.search.search_for_an_artist.type;\nreturn apiUtils.search(_common[\"default\"], endpoint, q, type).then(function (response) {\n  var statusCode = response.status;\n  console.log(statusCode);\n  if (statusCode === 200) {\n    var total = response.body.artists.total;\n    return (0, _chai.expect)(total).to.be.greaterThan(100);\n  } else {\n    throw new Error('Unexpected status code: ' + statusCode);\n  }\n})[\"catch\"](function (err) {\n  return Promise.reject(err);\n});",
              "err": {},
              "uuid": "456d9775-7c09-4294-a012-8e6dd456dbb3",
              "parentUUID": "dee905da-c9a0-4565-a0f5-1b90956aaf54",
              "isHook": false,
              "skipped": false
            }
          ],
          "suites": [],
          "passes": [
            "456d9775-7c09-4294-a012-8e6dd456dbb3"
          ],
          "failures": [],
          "pending": [],
          "skipped": [],
          "duration": 161,
          "root": false,
          "rootEmpty": false,
          "_timeout": 10000
        },
        {
          "uuid": "9d51f34c-3890-4068-bc50-d7f0c4c73433",
          "title": "Users profile",
          "fullFile": "/Users/subratosarkar/Sarkars/workspace/javascript/supertest/supertest-boilerplate/test/users_profile.js",
          "file": "/test/users_profile.js",
          "beforeHooks": [],
          "afterHooks": [],
          "tests": [
            {
              "title": "Get a Users Profile",
              "fullTitle": "Users profile Get a Users Profile",
              "timedOut": false,
              "duration": 121,
              "state": "passed",
              "speed": "slow",
              "pass": true,
              "fail": false,
              "pending": false,
              "context": null,
              "code": "var user_id = data.user_id;\nvar endpoint = urls.endpoint.users_profile.get_a_users_profile + user_id;\nreturn apiUtils.get(_common[\"default\"], endpoint).then(function (response) {\n  var statusCode = response.status;\n  if (statusCode === 200) {\n    var respose_user_id = response.body.id;\n    console.log(respose_user_id);\n    return (0, _chai.expect)(respose_user_id).to.be.equal(user_id);\n  } else {\n    throw new Error('Unexpected status code: ' + statusCode);\n  }\n})[\"catch\"](function (err) {\n  return Promise.reject(err);\n});",
              "err": {},
              "uuid": "6010e916-854b-460d-ae5a-3e6aa999ea12",
              "parentUUID": "9d51f34c-3890-4068-bc50-d7f0c4c73433",
              "isHook": false,
              "skipped": false
            }
          ],
          "suites": [],
          "passes": [
            "6010e916-854b-460d-ae5a-3e6aa999ea12"
          ],
          "failures": [],
          "pending": [],
          "skipped": [],
          "duration": 121,
          "root": false,
          "rootEmpty": false,
          "_timeout": 10000
        }
      ],
      "passes": [],
      "failures": [],
      "pending": [],
      "skipped": [],
      "duration": 0,
      "root": true,
      "rootEmpty": true,
      "_timeout": 10000
    }
  ],
  "meta": {
    "mocha": {
      "version": "8.2.1"
    },
    "mochawesome": {
      "options": {
        "quiet": false,
        "reportFilename": "mochawesome",
        "saveHtml": true,
        "saveJson": true,
        "consoleReporter": "spec",
        "useInlineDiffs": false,
        "code": true
      },
      "version": "6.2.1"
    },
    "marge": {
      "options": null,
      "version": "5.1.0"
    }
  }
}